pp_user@KBUTEC81L20293:~$ kcdev logs -f agent-assisted-portal-5f4d65bb75-dq9zr -n agent-portal-dev  --previous

264 static files copied to '/k811/app/staticFiles', 264 post-processed.
Traceback (most recent call last):
  File "/opt/pysetup/.venv/lib/python3.10/site-packages/environ/environ.py", line 387, in get_value
    value = self.ENVIRON[var_name]
  File "/usr/local/lib/python3.10/os.py", line 680, in __getitem__
    raise KeyError(key) from None
KeyError: 'SAML_PRIVATE_KEY_PATH_BANK_IN'

The above exception was the direct cause of the following exception:

Traceback (most recent call last):
  File "/k811/app/manage.py", line 22, in <module>
    main()
  File "/k811/app/manage.py", line 18, in main
    execute_from_command_line(sys.argv)
  File "/opt/pysetup/.venv/lib/python3.10/site-packages/django/core/management/__init__.py", line 442, in execute_from_command_line
    utility.execute()
  File "/opt/pysetup/.venv/lib/python3.10/site-packages/django/core/management/__init__.py", line 436, in execute
    self.fetch_command(subcommand).run_from_argv(self.argv)
  File "/opt/pysetup/.venv/lib/python3.10/site-packages/django/core/management/base.py", line 412, in run_from_argv
    self.execute(*args, **cmd_options)
  File "/opt/pysetup/.venv/lib/python3.10/site-packages/django/core/management/base.py", line 458, in execute
    output = self.handle(*args, **options)
  File "/opt/pysetup/.venv/lib/python3.10/site-packages/django/core/management/base.py", line 106, in wrapper
    res = handle_func(*args, **kwargs)
  File "/opt/pysetup/.venv/lib/python3.10/site-packages/django/core/management/commands/migrate.py", line 100, in handle
    self.check(databases=[database])
  File "/opt/pysetup/.venv/lib/python3.10/site-packages/django/core/management/base.py", line 485, in check
    all_issues = checks.run_checks(
  File "/opt/pysetup/.venv/lib/python3.10/site-packages/django/core/checks/registry.py", line 88, in run_checks
    new_errors = check(app_configs=app_configs, databases=databases)
  File "/opt/pysetup/.venv/lib/python3.10/site-packages/django/core/checks/urls.py", line 14, in check_url_config
    return check_resolver(resolver)
  File "/opt/pysetup/.venv/lib/python3.10/site-packages/django/core/checks/urls.py", line 24, in check_resolver
    return check_method()
  File "/opt/pysetup/.venv/lib/python3.10/site-packages/django/urls/resolvers.py", line 494, in check
    for pattern in self.url_patterns:
  File "/opt/pysetup/.venv/lib/python3.10/site-packages/django/utils/functional.py", line 57, in __get__
    res = instance.__dict__[self.name] = self.func(instance)
  File "/opt/pysetup/.venv/lib/python3.10/site-packages/django/urls/resolvers.py", line 715, in url_patterns
    patterns = getattr(self.urlconf_module, "urlpatterns", self.urlconf_module)
  File "/opt/pysetup/.venv/lib/python3.10/site-packages/django/utils/functional.py", line 57, in __get__
    res = instance.__dict__[self.name] = self.func(instance)
  File "/opt/pysetup/.venv/lib/python3.10/site-packages/django/urls/resolvers.py", line 708, in urlconf_module
    return import_module(self.urlconf_name)
  File "/usr/local/lib/python3.10/importlib/__init__.py", line 126, in import_module
    return _bootstrap._gcd_import(name[level:], package, level)
  File "<frozen importlib._bootstrap>", line 1050, in _gcd_import
  File "<frozen importlib._bootstrap>", line 1027, in _find_and_load
  File "<frozen importlib._bootstrap>", line 1006, in _find_and_load_unlocked
  File "<frozen importlib._bootstrap>", line 688, in _load_unlocked
  File "<frozen importlib._bootstrap_external>", line 883, in exec_module
  File "<frozen importlib._bootstrap>", line 241, in _call_with_frames_removed
  File "/k811/app/agentassistedportal/urls_public.py", line 25, in <module>
    import customer.views.agent_customer_search
  File "/k811/app/customer/views/agent_customer_search.py", line 19, in <module>
    from agentassistedportal import settings
  File "/k811/app/agentassistedportal/settings/__init__.py", line 38, in <module>
    from agentassistedportal.saml import *  # noqa: F403
  File "/k811/app/agentassistedportal/saml.py", line 174, in <module>
    "key_file": env.str("SAML_PRIVATE_KEY_PATH_BANK_IN"),
  File "/opt/pysetup/.venv/lib/python3.10/site-packages/environ/environ.py", line 212, in str
    value = self.get_value(var, cast=str, default=default)
  File "/opt/pysetup/.venv/lib/python3.10/site-packages/environ/environ.py", line 391, in get_value
    raise ImproperlyConfigured(error_msg) from exc
django.core.exceptions.ImproperlyConfigured: Set the SAML_PRIVATE_KEY_PATH_BANK_IN environment variable
